c:\users\karl6\documents\github\hydra4_x10\hydrax10vg\visualgdb\debug_enginehr_hydra\hydrax10vg.link.rsp
c:\users\karl6\documents\github\hydra4_x10\hydrax10vg\visualgdb\debug_enginehr_hydra\hydrax10vg.bin
c:\users\karl6\documents\github\hydra4_x10\hydrax10vg\visualgdb\debug_enginehr_hydra\hydrax10vg
c:\users\karl6\documents\github\hydra4_x10\hydrax10vg\hydrax10vg\visualgdb\debug_enginehr_hydra\main.o
c:\users\karl6\documents\github\hydra4_x10\hydrax10vg\hydrax10vg\visualgdb\debug_enginehr_hydra\sysmem.o
c:\users\karl6\documents\github\hydra4_x10\hydrax10vg\hydrax10vg\visualgdb\debug_enginehr_hydra\main.dep
c:\users\karl6\documents\github\hydra4_x10\hydrax10vg\hydrax10vg\visualgdb\debug_enginehr_hydra\sysmem.dep
c:\users\karl6\documents\github\hydra4_x10\hydrax10vg\hydrax10vg\visualgdb\debug_enginehr_hydra\main.gcc.rsp
c:\users\karl6\documents\github\hydra4_x10\hydrax10vg\hydrax10vg\visualgdb\debug_enginehr_hydra\sysmem.gcc.rsp
c:\users\karl6\documents\github\hydra4_x10\hydrax10vg\hydrax10vg\visualgdb\debug_enginehr_hydra\hydrax10vg.alldeps
c:\users\karl6\documents\github\hydra4_x10\hydrax10vg\hydrax10vg\visualgdb\debug_enginehr_hydra\cmsis_boot\startup\startup_stm32f4xx.o
c:\users\karl6\documents\github\hydra4_x10\hydrax10vg\hydrax10vg\visualgdb\debug_enginehr_hydra\cmsis_boot\startup\startup_stm32f4xx.dep
c:\users\karl6\documents\github\hydra4_x10\hydrax10vg\hydrax10vg\visualgdb\debug_enginehr_hydra\cmsis_boot\startup\startup_stm32f4xx.gcc.rsp
c:\users\karl6\documents\github\hydra4_x10\hydrax10vg\hydrax10vg\visualgdb\debug_enginehr_hydra\cmsis_boot\system_stm32f4xx.o
c:\users\karl6\documents\github\hydra4_x10\hydrax10vg\hydrax10vg\visualgdb\debug_enginehr_hydra\cmsis_boot\system_stm32f4xx.dep
c:\users\karl6\documents\github\hydra4_x10\hydrax10vg\hydrax10vg\visualgdb\debug_enginehr_hydra\cmsis_boot\system_stm32f4xx.gcc.rsp
c:\users\karl6\documents\github\hydra4_x10\hydrax10vg\hydrax10vg\visualgdb\debug_enginehr_hydra\cmsis_lib\src\stm32f4xx_adc.o
c:\users\karl6\documents\github\hydra4_x10\hydrax10vg\hydrax10vg\visualgdb\debug_enginehr_hydra\cmsis_lib\src\stm32f4xx_can.o
c:\users\karl6\documents\github\hydra4_x10\hydrax10vg\hydrax10vg\visualgdb\debug_enginehr_hydra\cmsis_lib\src\stm32f4xx_dac.o
c:\users\karl6\documents\github\hydra4_x10\hydrax10vg\hydrax10vg\visualgdb\debug_enginehr_hydra\cmsis_lib\src\stm32f4xx_dma.o
c:\users\karl6\documents\github\hydra4_x10\hydrax10vg\hydrax10vg\visualgdb\debug_enginehr_hydra\cmsis_lib\src\stm32f4xx_exti.o
c:\users\karl6\documents\github\hydra4_x10\hydrax10vg\hydrax10vg\visualgdb\debug_enginehr_hydra\cmsis_lib\src\stm32f4xx_flash.o
c:\users\karl6\documents\github\hydra4_x10\hydrax10vg\hydrax10vg\visualgdb\debug_enginehr_hydra\cmsis_lib\src\stm32f4xx_fsmc.o
c:\users\karl6\documents\github\hydra4_x10\hydrax10vg\hydrax10vg\visualgdb\debug_enginehr_hydra\cmsis_lib\src\stm32f4xx_gpio.o
c:\users\karl6\documents\github\hydra4_x10\hydrax10vg\hydrax10vg\visualgdb\debug_enginehr_hydra\cmsis_lib\src\stm32f4xx_i2c.o
c:\users\karl6\documents\github\hydra4_x10\hydrax10vg\hydrax10vg\visualgdb\debug_enginehr_hydra\cmsis_lib\src\stm32f4xx_it.o
c:\users\karl6\documents\github\hydra4_x10\hydrax10vg\hydrax10vg\visualgdb\debug_enginehr_hydra\cmsis_lib\src\stm32f4xx_iwdg.o
c:\users\karl6\documents\github\hydra4_x10\hydrax10vg\hydrax10vg\visualgdb\debug_enginehr_hydra\cmsis_lib\src\stm32f4xx_misc.o
c:\users\karl6\documents\github\hydra4_x10\hydrax10vg\hydrax10vg\visualgdb\debug_enginehr_hydra\cmsis_lib\src\stm32f4xx_pwr.o
c:\users\karl6\documents\github\hydra4_x10\hydrax10vg\hydrax10vg\visualgdb\debug_enginehr_hydra\cmsis_lib\src\stm32f4xx_rcc.o
c:\users\karl6\documents\github\hydra4_x10\hydrax10vg\hydrax10vg\visualgdb\debug_enginehr_hydra\cmsis_lib\src\stm32f4xx_rtc.o
c:\users\karl6\documents\github\hydra4_x10\hydrax10vg\hydrax10vg\visualgdb\debug_enginehr_hydra\cmsis_lib\src\stm32f4xx_sdio.o
c:\users\karl6\documents\github\hydra4_x10\hydrax10vg\hydrax10vg\visualgdb\debug_enginehr_hydra\cmsis_lib\src\stm32f4xx_spi.o
c:\users\karl6\documents\github\hydra4_x10\hydrax10vg\hydrax10vg\visualgdb\debug_enginehr_hydra\cmsis_lib\src\stm32f4xx_syscfg.o
c:\users\karl6\documents\github\hydra4_x10\hydrax10vg\hydrax10vg\visualgdb\debug_enginehr_hydra\cmsis_lib\src\stm32f4xx_tim.o
c:\users\karl6\documents\github\hydra4_x10\hydrax10vg\hydrax10vg\visualgdb\debug_enginehr_hydra\cmsis_lib\src\stm32f4xx_usart.o
c:\users\karl6\documents\github\hydra4_x10\hydrax10vg\hydrax10vg\visualgdb\debug_enginehr_hydra\cmsis_lib\src\stm32f4xx_adc.dep
c:\users\karl6\documents\github\hydra4_x10\hydrax10vg\hydrax10vg\visualgdb\debug_enginehr_hydra\cmsis_lib\src\stm32f4xx_can.dep
c:\users\karl6\documents\github\hydra4_x10\hydrax10vg\hydrax10vg\visualgdb\debug_enginehr_hydra\cmsis_lib\src\stm32f4xx_dac.dep
c:\users\karl6\documents\github\hydra4_x10\hydrax10vg\hydrax10vg\visualgdb\debug_enginehr_hydra\cmsis_lib\src\stm32f4xx_dma.dep
c:\users\karl6\documents\github\hydra4_x10\hydrax10vg\hydrax10vg\visualgdb\debug_enginehr_hydra\cmsis_lib\src\stm32f4xx_exti.dep
c:\users\karl6\documents\github\hydra4_x10\hydrax10vg\hydrax10vg\visualgdb\debug_enginehr_hydra\cmsis_lib\src\stm32f4xx_flash.dep
c:\users\karl6\documents\github\hydra4_x10\hydrax10vg\hydrax10vg\visualgdb\debug_enginehr_hydra\cmsis_lib\src\stm32f4xx_fsmc.dep
c:\users\karl6\documents\github\hydra4_x10\hydrax10vg\hydrax10vg\visualgdb\debug_enginehr_hydra\cmsis_lib\src\stm32f4xx_gpio.dep
c:\users\karl6\documents\github\hydra4_x10\hydrax10vg\hydrax10vg\visualgdb\debug_enginehr_hydra\cmsis_lib\src\stm32f4xx_i2c.dep
c:\users\karl6\documents\github\hydra4_x10\hydrax10vg\hydrax10vg\visualgdb\debug_enginehr_hydra\cmsis_lib\src\stm32f4xx_it.dep
c:\users\karl6\documents\github\hydra4_x10\hydrax10vg\hydrax10vg\visualgdb\debug_enginehr_hydra\cmsis_lib\src\stm32f4xx_iwdg.dep
c:\users\karl6\documents\github\hydra4_x10\hydrax10vg\hydrax10vg\visualgdb\debug_enginehr_hydra\cmsis_lib\src\stm32f4xx_misc.dep
c:\users\karl6\documents\github\hydra4_x10\hydrax10vg\hydrax10vg\visualgdb\debug_enginehr_hydra\cmsis_lib\src\stm32f4xx_pwr.dep
c:\users\karl6\documents\github\hydra4_x10\hydrax10vg\hydrax10vg\visualgdb\debug_enginehr_hydra\cmsis_lib\src\stm32f4xx_rcc.dep
c:\users\karl6\documents\github\hydra4_x10\hydrax10vg\hydrax10vg\visualgdb\debug_enginehr_hydra\cmsis_lib\src\stm32f4xx_rtc.dep
c:\users\karl6\documents\github\hydra4_x10\hydrax10vg\hydrax10vg\visualgdb\debug_enginehr_hydra\cmsis_lib\src\stm32f4xx_sdio.dep
c:\users\karl6\documents\github\hydra4_x10\hydrax10vg\hydrax10vg\visualgdb\debug_enginehr_hydra\cmsis_lib\src\stm32f4xx_spi.dep
c:\users\karl6\documents\github\hydra4_x10\hydrax10vg\hydrax10vg\visualgdb\debug_enginehr_hydra\cmsis_lib\src\stm32f4xx_syscfg.dep
c:\users\karl6\documents\github\hydra4_x10\hydrax10vg\hydrax10vg\visualgdb\debug_enginehr_hydra\cmsis_lib\src\stm32f4xx_tim.dep
c:\users\karl6\documents\github\hydra4_x10\hydrax10vg\hydrax10vg\visualgdb\debug_enginehr_hydra\cmsis_lib\src\stm32f4xx_usart.dep
c:\users\karl6\documents\github\hydra4_x10\hydrax10vg\hydrax10vg\visualgdb\debug_enginehr_hydra\cmsis_lib\src\stm32f4xx_adc.gcc.rsp
c:\users\karl6\documents\github\hydra4_x10\hydrax10vg\hydrax10vg\visualgdb\debug_enginehr_hydra\cmsis_lib\src\stm32f4xx_can.gcc.rsp
c:\users\karl6\documents\github\hydra4_x10\hydrax10vg\hydrax10vg\visualgdb\debug_enginehr_hydra\cmsis_lib\src\stm32f4xx_dac.gcc.rsp
c:\users\karl6\documents\github\hydra4_x10\hydrax10vg\hydrax10vg\visualgdb\debug_enginehr_hydra\cmsis_lib\src\stm32f4xx_dma.gcc.rsp
c:\users\karl6\documents\github\hydra4_x10\hydrax10vg\hydrax10vg\visualgdb\debug_enginehr_hydra\cmsis_lib\src\stm32f4xx_exti.gcc.rsp
c:\users\karl6\documents\github\hydra4_x10\hydrax10vg\hydrax10vg\visualgdb\debug_enginehr_hydra\cmsis_lib\src\stm32f4xx_flash.gcc.rsp
c:\users\karl6\documents\github\hydra4_x10\hydrax10vg\hydrax10vg\visualgdb\debug_enginehr_hydra\cmsis_lib\src\stm32f4xx_fsmc.gcc.rsp
c:\users\karl6\documents\github\hydra4_x10\hydrax10vg\hydrax10vg\visualgdb\debug_enginehr_hydra\cmsis_lib\src\stm32f4xx_gpio.gcc.rsp
c:\users\karl6\documents\github\hydra4_x10\hydrax10vg\hydrax10vg\visualgdb\debug_enginehr_hydra\cmsis_lib\src\stm32f4xx_i2c.gcc.rsp
c:\users\karl6\documents\github\hydra4_x10\hydrax10vg\hydrax10vg\visualgdb\debug_enginehr_hydra\cmsis_lib\src\stm32f4xx_it.gcc.rsp
c:\users\karl6\documents\github\hydra4_x10\hydrax10vg\hydrax10vg\visualgdb\debug_enginehr_hydra\cmsis_lib\src\stm32f4xx_iwdg.gcc.rsp
c:\users\karl6\documents\github\hydra4_x10\hydrax10vg\hydrax10vg\visualgdb\debug_enginehr_hydra\cmsis_lib\src\stm32f4xx_misc.gcc.rsp
c:\users\karl6\documents\github\hydra4_x10\hydrax10vg\hydrax10vg\visualgdb\debug_enginehr_hydra\cmsis_lib\src\stm32f4xx_pwr.gcc.rsp
c:\users\karl6\documents\github\hydra4_x10\hydrax10vg\hydrax10vg\visualgdb\debug_enginehr_hydra\cmsis_lib\src\stm32f4xx_rcc.gcc.rsp
c:\users\karl6\documents\github\hydra4_x10\hydrax10vg\hydrax10vg\visualgdb\debug_enginehr_hydra\cmsis_lib\src\stm32f4xx_rtc.gcc.rsp
c:\users\karl6\documents\github\hydra4_x10\hydrax10vg\hydrax10vg\visualgdb\debug_enginehr_hydra\cmsis_lib\src\stm32f4xx_sdio.gcc.rsp
c:\users\karl6\documents\github\hydra4_x10\hydrax10vg\hydrax10vg\visualgdb\debug_enginehr_hydra\cmsis_lib\src\stm32f4xx_spi.gcc.rsp
c:\users\karl6\documents\github\hydra4_x10\hydrax10vg\hydrax10vg\visualgdb\debug_enginehr_hydra\cmsis_lib\src\stm32f4xx_syscfg.gcc.rsp
c:\users\karl6\documents\github\hydra4_x10\hydrax10vg\hydrax10vg\visualgdb\debug_enginehr_hydra\cmsis_lib\src\stm32f4xx_tim.gcc.rsp
c:\users\karl6\documents\github\hydra4_x10\hydrax10vg\hydrax10vg\visualgdb\debug_enginehr_hydra\cmsis_lib\src\stm32f4xx_usart.gcc.rsp
c:\users\karl6\documents\github\hydra4_x10\hydrax10vg\hydrax10vg\visualgdb\debug_enginehr_hydra\common\lcd\controllers\ili9341.o
c:\users\karl6\documents\github\hydra4_x10\hydrax10vg\hydrax10vg\visualgdb\debug_enginehr_hydra\common\lcd\controllers\ssd1306.o
c:\users\karl6\documents\github\hydra4_x10\hydrax10vg\hydrax10vg\visualgdb\debug_enginehr_hydra\common\lcd\controllers\st7735.o
c:\users\karl6\documents\github\hydra4_x10\hydrax10vg\hydrax10vg\visualgdb\debug_enginehr_hydra\common\lcd\controllers\ili9341.dep
c:\users\karl6\documents\github\hydra4_x10\hydrax10vg\hydrax10vg\visualgdb\debug_enginehr_hydra\common\lcd\controllers\ssd1306.dep
c:\users\karl6\documents\github\hydra4_x10\hydrax10vg\hydrax10vg\visualgdb\debug_enginehr_hydra\common\lcd\controllers\st7735.dep
c:\users\karl6\documents\github\hydra4_x10\hydrax10vg\hydrax10vg\visualgdb\debug_enginehr_hydra\common\lcd\controllers\ili9341.gcc.rsp
c:\users\karl6\documents\github\hydra4_x10\hydrax10vg\hydrax10vg\visualgdb\debug_enginehr_hydra\common\lcd\controllers\ssd1306.gcc.rsp
c:\users\karl6\documents\github\hydra4_x10\hydrax10vg\hydrax10vg\visualgdb\debug_enginehr_hydra\common\lcd\controllers\st7735.gcc.rsp
c:\users\karl6\documents\github\hydra4_x10\hydrax10vg\hydrax10vg\visualgdb\debug_enginehr_hydra\common\lcd\fonts\font12.o
c:\users\karl6\documents\github\hydra4_x10\hydrax10vg\hydrax10vg\visualgdb\debug_enginehr_hydra\common\lcd\fonts\font16.o
c:\users\karl6\documents\github\hydra4_x10\hydrax10vg\hydrax10vg\visualgdb\debug_enginehr_hydra\common\lcd\fonts\font20.o
c:\users\karl6\documents\github\hydra4_x10\hydrax10vg\hydrax10vg\visualgdb\debug_enginehr_hydra\common\lcd\fonts\font20_14.o
c:\users\karl6\documents\github\hydra4_x10\hydrax10vg\hydrax10vg\visualgdb\debug_enginehr_hydra\common\lcd\fonts\font22.o
c:\users\karl6\documents\github\hydra4_x10\hydrax10vg\hydrax10vg\visualgdb\debug_enginehr_hydra\common\lcd\fonts\font24.o
c:\users\karl6\documents\github\hydra4_x10\hydrax10vg\hydrax10vg\visualgdb\debug_enginehr_hydra\common\lcd\fonts\font8.o
c:\users\karl6\documents\github\hydra4_x10\hydrax10vg\hydrax10vg\visualgdb\debug_enginehr_hydra\common\lcd\fonts\font12.dep
c:\users\karl6\documents\github\hydra4_x10\hydrax10vg\hydrax10vg\visualgdb\debug_enginehr_hydra\common\lcd\fonts\font16.dep
c:\users\karl6\documents\github\hydra4_x10\hydrax10vg\hydrax10vg\visualgdb\debug_enginehr_hydra\common\lcd\fonts\font20.dep
c:\users\karl6\documents\github\hydra4_x10\hydrax10vg\hydrax10vg\visualgdb\debug_enginehr_hydra\common\lcd\fonts\font20_14.dep
c:\users\karl6\documents\github\hydra4_x10\hydrax10vg\hydrax10vg\visualgdb\debug_enginehr_hydra\common\lcd\fonts\font22.dep
c:\users\karl6\documents\github\hydra4_x10\hydrax10vg\hydrax10vg\visualgdb\debug_enginehr_hydra\common\lcd\fonts\font24.dep
c:\users\karl6\documents\github\hydra4_x10\hydrax10vg\hydrax10vg\visualgdb\debug_enginehr_hydra\common\lcd\fonts\font8.dep
c:\users\karl6\documents\github\hydra4_x10\hydrax10vg\hydrax10vg\visualgdb\debug_enginehr_hydra\common\lcd\fonts\font12.gcc.rsp
c:\users\karl6\documents\github\hydra4_x10\hydrax10vg\hydrax10vg\visualgdb\debug_enginehr_hydra\common\lcd\fonts\font16.gcc.rsp
c:\users\karl6\documents\github\hydra4_x10\hydrax10vg\hydrax10vg\visualgdb\debug_enginehr_hydra\common\lcd\fonts\font20.gcc.rsp
c:\users\karl6\documents\github\hydra4_x10\hydrax10vg\hydrax10vg\visualgdb\debug_enginehr_hydra\common\lcd\fonts\font20_14.gcc.rsp
c:\users\karl6\documents\github\hydra4_x10\hydrax10vg\hydrax10vg\visualgdb\debug_enginehr_hydra\common\lcd\fonts\font22.gcc.rsp
c:\users\karl6\documents\github\hydra4_x10\hydrax10vg\hydrax10vg\visualgdb\debug_enginehr_hydra\common\lcd\fonts\font24.gcc.rsp
c:\users\karl6\documents\github\hydra4_x10\hydrax10vg\hydrax10vg\visualgdb\debug_enginehr_hydra\common\lcd\fonts\font8.gcc.rsp
c:\users\karl6\documents\github\hydra4_x10\hydrax10vg\hydrax10vg\visualgdb\debug_enginehr_hydra\common\lcd\lcd.o
c:\users\karl6\documents\github\hydra4_x10\hydrax10vg\hydrax10vg\visualgdb\debug_enginehr_hydra\common\lcd\lcd.dep
c:\users\karl6\documents\github\hydra4_x10\hydrax10vg\hydrax10vg\visualgdb\debug_enginehr_hydra\common\lcd\lcd.gcc.rsp
c:\users\karl6\documents\github\hydra4_x10\hydrax10vg\hydrax10vg\visualgdb\debug_enginehr_hydra\common\src\gui.o
c:\users\karl6\documents\github\hydra4_x10\hydrax10vg\hydrax10vg\visualgdb\debug_enginehr_hydra\common\src\hyrel_can.o
c:\users\karl6\documents\github\hydra4_x10\hydrax10vg\hydrax10vg\visualgdb\debug_enginehr_hydra\common\src\pins.o
c:\users\karl6\documents\github\hydra4_x10\hydrax10vg\hydrax10vg\visualgdb\debug_enginehr_hydra\common\src\util.o
c:\users\karl6\documents\github\hydra4_x10\hydrax10vg\hydrax10vg\visualgdb\debug_enginehr_hydra\common\src\gui.dep
c:\users\karl6\documents\github\hydra4_x10\hydrax10vg\hydrax10vg\visualgdb\debug_enginehr_hydra\common\src\hyrel_can.dep
c:\users\karl6\documents\github\hydra4_x10\hydrax10vg\hydrax10vg\visualgdb\debug_enginehr_hydra\common\src\pins.dep
c:\users\karl6\documents\github\hydra4_x10\hydrax10vg\hydrax10vg\visualgdb\debug_enginehr_hydra\common\src\util.dep
c:\users\karl6\documents\github\hydra4_x10\hydrax10vg\hydrax10vg\visualgdb\debug_enginehr_hydra\common\src\gui.gcc.rsp
c:\users\karl6\documents\github\hydra4_x10\hydrax10vg\hydrax10vg\visualgdb\debug_enginehr_hydra\common\src\hyrel_can.gcc.rsp
c:\users\karl6\documents\github\hydra4_x10\hydrax10vg\hydrax10vg\visualgdb\debug_enginehr_hydra\common\src\pins.gcc.rsp
c:\users\karl6\documents\github\hydra4_x10\hydrax10vg\hydrax10vg\visualgdb\debug_enginehr_hydra\common\src\util.gcc.rsp
c:\users\karl6\documents\github\hydra4_x10\hydrax10vg\hydrax10vg\visualgdb\debug_enginehr_hydra\src\bootloader.o
c:\users\karl6\documents\github\hydra4_x10\hydrax10vg\hydrax10vg\visualgdb\debug_enginehr_hydra\src\cruftycode.o
c:\users\karl6\documents\github\hydra4_x10\hydrax10vg\hydrax10vg\visualgdb\debug_enginehr_hydra\src\diags.o
c:\users\karl6\documents\github\hydra4_x10\hydrax10vg\hydrax10vg\visualgdb\debug_enginehr_hydra\src\display.o
c:\users\karl6\documents\github\hydra4_x10\hydrax10vg\hydrax10vg\visualgdb\debug_enginehr_hydra\src\gcode.o
c:\users\karl6\documents\github\hydra4_x10\hydrax10vg\hydrax10vg\visualgdb\debug_enginehr_hydra\src\hardwareinit.o
c:\users\karl6\documents\github\hydra4_x10\hydrax10vg\hydrax10vg\visualgdb\debug_enginehr_hydra\src\headsetup.o
c:\users\karl6\documents\github\hydra4_x10\hydrax10vg\hydrax10vg\visualgdb\debug_enginehr_hydra\src\hydra_can.o
c:\users\karl6\documents\github\hydra4_x10\hydrax10vg\hydrax10vg\visualgdb\debug_enginehr_hydra\src\mailbox.o
c:\users\karl6\documents\github\hydra4_x10\hydrax10vg\hydrax10vg\visualgdb\debug_enginehr_hydra\src\mcode.o
c:\users\karl6\documents\github\hydra4_x10\hydrax10vg\hydrax10vg\visualgdb\debug_enginehr_hydra\src\motordrivers.o
c:\users\karl6\documents\github\hydra4_x10\hydrax10vg\hydrax10vg\visualgdb\debug_enginehr_hydra\src\pininit.o
c:\users\karl6\documents\github\hydra4_x10\hydrax10vg\hydrax10vg\visualgdb\debug_enginehr_hydra\src\pnp.o
c:\users\karl6\documents\github\hydra4_x10\hydrax10vg\hydrax10vg\visualgdb\debug_enginehr_hydra\src\serial.o
c:\users\karl6\documents\github\hydra4_x10\hydrax10vg\hydrax10vg\visualgdb\debug_enginehr_hydra\src\bootloader.dep
c:\users\karl6\documents\github\hydra4_x10\hydrax10vg\hydrax10vg\visualgdb\debug_enginehr_hydra\src\cruftycode.dep
c:\users\karl6\documents\github\hydra4_x10\hydrax10vg\hydrax10vg\visualgdb\debug_enginehr_hydra\src\diags.dep
c:\users\karl6\documents\github\hydra4_x10\hydrax10vg\hydrax10vg\visualgdb\debug_enginehr_hydra\src\display.dep
c:\users\karl6\documents\github\hydra4_x10\hydrax10vg\hydrax10vg\visualgdb\debug_enginehr_hydra\src\gcode.dep
c:\users\karl6\documents\github\hydra4_x10\hydrax10vg\hydrax10vg\visualgdb\debug_enginehr_hydra\src\hardwareinit.dep
c:\users\karl6\documents\github\hydra4_x10\hydrax10vg\hydrax10vg\visualgdb\debug_enginehr_hydra\src\headsetup.dep
c:\users\karl6\documents\github\hydra4_x10\hydrax10vg\hydrax10vg\visualgdb\debug_enginehr_hydra\src\hydra_can.dep
c:\users\karl6\documents\github\hydra4_x10\hydrax10vg\hydrax10vg\visualgdb\debug_enginehr_hydra\src\mailbox.dep
c:\users\karl6\documents\github\hydra4_x10\hydrax10vg\hydrax10vg\visualgdb\debug_enginehr_hydra\src\mcode.dep
c:\users\karl6\documents\github\hydra4_x10\hydrax10vg\hydrax10vg\visualgdb\debug_enginehr_hydra\src\motordrivers.dep
c:\users\karl6\documents\github\hydra4_x10\hydrax10vg\hydrax10vg\visualgdb\debug_enginehr_hydra\src\pininit.dep
c:\users\karl6\documents\github\hydra4_x10\hydrax10vg\hydrax10vg\visualgdb\debug_enginehr_hydra\src\pnp.dep
c:\users\karl6\documents\github\hydra4_x10\hydrax10vg\hydrax10vg\visualgdb\debug_enginehr_hydra\src\serial.dep
c:\users\karl6\documents\github\hydra4_x10\hydrax10vg\hydrax10vg\visualgdb\debug_enginehr_hydra\src\bootloader.gcc.rsp
c:\users\karl6\documents\github\hydra4_x10\hydrax10vg\hydrax10vg\visualgdb\debug_enginehr_hydra\src\cruftycode.gcc.rsp
c:\users\karl6\documents\github\hydra4_x10\hydrax10vg\hydrax10vg\visualgdb\debug_enginehr_hydra\src\diags.gcc.rsp
c:\users\karl6\documents\github\hydra4_x10\hydrax10vg\hydrax10vg\visualgdb\debug_enginehr_hydra\src\display.gcc.rsp
c:\users\karl6\documents\github\hydra4_x10\hydrax10vg\hydrax10vg\visualgdb\debug_enginehr_hydra\src\gcode.gcc.rsp
c:\users\karl6\documents\github\hydra4_x10\hydrax10vg\hydrax10vg\visualgdb\debug_enginehr_hydra\src\hardwareinit.gcc.rsp
c:\users\karl6\documents\github\hydra4_x10\hydrax10vg\hydrax10vg\visualgdb\debug_enginehr_hydra\src\headsetup.gcc.rsp
c:\users\karl6\documents\github\hydra4_x10\hydrax10vg\hydrax10vg\visualgdb\debug_enginehr_hydra\src\hydra_can.gcc.rsp
c:\users\karl6\documents\github\hydra4_x10\hydrax10vg\hydrax10vg\visualgdb\debug_enginehr_hydra\src\mailbox.gcc.rsp
c:\users\karl6\documents\github\hydra4_x10\hydrax10vg\hydrax10vg\visualgdb\debug_enginehr_hydra\src\mcode.gcc.rsp
c:\users\karl6\documents\github\hydra4_x10\hydrax10vg\hydrax10vg\visualgdb\debug_enginehr_hydra\src\motordrivers.gcc.rsp
c:\users\karl6\documents\github\hydra4_x10\hydrax10vg\hydrax10vg\visualgdb\debug_enginehr_hydra\src\pininit.gcc.rsp
c:\users\karl6\documents\github\hydra4_x10\hydrax10vg\hydrax10vg\visualgdb\debug_enginehr_hydra\src\pnp.gcc.rsp
c:\users\karl6\documents\github\hydra4_x10\hydrax10vg\hydrax10vg\visualgdb\debug_enginehr_hydra\src\serial.gcc.rsp
c:\users\karl6\documents\github\hydra4_x10\hydrax10vg\hydrax10vg\visualgdb\debug_enginehr_hydra\usb_lib\src\usbd_cdc_core.o
c:\users\karl6\documents\github\hydra4_x10\hydrax10vg\hydrax10vg\visualgdb\debug_enginehr_hydra\usb_lib\src\usbd_cdc_vcp.o
c:\users\karl6\documents\github\hydra4_x10\hydrax10vg\hydrax10vg\visualgdb\debug_enginehr_hydra\usb_lib\src\usbd_core.o
c:\users\karl6\documents\github\hydra4_x10\hydrax10vg\hydrax10vg\visualgdb\debug_enginehr_hydra\usb_lib\src\usbd_desc.o
c:\users\karl6\documents\github\hydra4_x10\hydrax10vg\hydrax10vg\visualgdb\debug_enginehr_hydra\usb_lib\src\usbd_ioreq.o
c:\users\karl6\documents\github\hydra4_x10\hydrax10vg\hydrax10vg\visualgdb\debug_enginehr_hydra\usb_lib\src\usbd_req.o
c:\users\karl6\documents\github\hydra4_x10\hydrax10vg\hydrax10vg\visualgdb\debug_enginehr_hydra\usb_lib\src\usbd_usr.o
c:\users\karl6\documents\github\hydra4_x10\hydrax10vg\hydrax10vg\visualgdb\debug_enginehr_hydra\usb_lib\src\usb_bsp.o
c:\users\karl6\documents\github\hydra4_x10\hydrax10vg\hydrax10vg\visualgdb\debug_enginehr_hydra\usb_lib\src\usb_core.o
c:\users\karl6\documents\github\hydra4_x10\hydrax10vg\hydrax10vg\visualgdb\debug_enginehr_hydra\usb_lib\src\usb_dcd.o
c:\users\karl6\documents\github\hydra4_x10\hydrax10vg\hydrax10vg\visualgdb\debug_enginehr_hydra\usb_lib\src\usb_dcd_int.o
c:\users\karl6\documents\github\hydra4_x10\hydrax10vg\hydrax10vg\visualgdb\debug_enginehr_hydra\usb_lib\src\usbd_cdc_core.dep
c:\users\karl6\documents\github\hydra4_x10\hydrax10vg\hydrax10vg\visualgdb\debug_enginehr_hydra\usb_lib\src\usbd_cdc_vcp.dep
c:\users\karl6\documents\github\hydra4_x10\hydrax10vg\hydrax10vg\visualgdb\debug_enginehr_hydra\usb_lib\src\usbd_core.dep
c:\users\karl6\documents\github\hydra4_x10\hydrax10vg\hydrax10vg\visualgdb\debug_enginehr_hydra\usb_lib\src\usbd_desc.dep
c:\users\karl6\documents\github\hydra4_x10\hydrax10vg\hydrax10vg\visualgdb\debug_enginehr_hydra\usb_lib\src\usbd_ioreq.dep
c:\users\karl6\documents\github\hydra4_x10\hydrax10vg\hydrax10vg\visualgdb\debug_enginehr_hydra\usb_lib\src\usbd_req.dep
c:\users\karl6\documents\github\hydra4_x10\hydrax10vg\hydrax10vg\visualgdb\debug_enginehr_hydra\usb_lib\src\usbd_usr.dep
c:\users\karl6\documents\github\hydra4_x10\hydrax10vg\hydrax10vg\visualgdb\debug_enginehr_hydra\usb_lib\src\usb_bsp.dep
c:\users\karl6\documents\github\hydra4_x10\hydrax10vg\hydrax10vg\visualgdb\debug_enginehr_hydra\usb_lib\src\usb_core.dep
c:\users\karl6\documents\github\hydra4_x10\hydrax10vg\hydrax10vg\visualgdb\debug_enginehr_hydra\usb_lib\src\usb_dcd.dep
c:\users\karl6\documents\github\hydra4_x10\hydrax10vg\hydrax10vg\visualgdb\debug_enginehr_hydra\usb_lib\src\usb_dcd_int.dep
c:\users\karl6\documents\github\hydra4_x10\hydrax10vg\hydrax10vg\visualgdb\debug_enginehr_hydra\usb_lib\src\usbd_cdc_core.gcc.rsp
c:\users\karl6\documents\github\hydra4_x10\hydrax10vg\hydrax10vg\visualgdb\debug_enginehr_hydra\usb_lib\src\usbd_cdc_vcp.gcc.rsp
c:\users\karl6\documents\github\hydra4_x10\hydrax10vg\hydrax10vg\visualgdb\debug_enginehr_hydra\usb_lib\src\usbd_core.gcc.rsp
c:\users\karl6\documents\github\hydra4_x10\hydrax10vg\hydrax10vg\visualgdb\debug_enginehr_hydra\usb_lib\src\usbd_desc.gcc.rsp
c:\users\karl6\documents\github\hydra4_x10\hydrax10vg\hydrax10vg\visualgdb\debug_enginehr_hydra\usb_lib\src\usbd_ioreq.gcc.rsp
c:\users\karl6\documents\github\hydra4_x10\hydrax10vg\hydrax10vg\visualgdb\debug_enginehr_hydra\usb_lib\src\usbd_req.gcc.rsp
c:\users\karl6\documents\github\hydra4_x10\hydrax10vg\hydrax10vg\visualgdb\debug_enginehr_hydra\usb_lib\src\usbd_usr.gcc.rsp
c:\users\karl6\documents\github\hydra4_x10\hydrax10vg\hydrax10vg\visualgdb\debug_enginehr_hydra\usb_lib\src\usb_bsp.gcc.rsp
c:\users\karl6\documents\github\hydra4_x10\hydrax10vg\hydrax10vg\visualgdb\debug_enginehr_hydra\usb_lib\src\usb_core.gcc.rsp
c:\users\karl6\documents\github\hydra4_x10\hydrax10vg\hydrax10vg\visualgdb\debug_enginehr_hydra\usb_lib\src\usb_dcd.gcc.rsp
c:\users\karl6\documents\github\hydra4_x10\hydrax10vg\hydrax10vg\visualgdb\debug_enginehr_hydra\usb_lib\src\usb_dcd_int.gcc.rsp
